\BOOKMARK [0][-]{chapter.1}{\376\377\000Q\000u\000i\000c\000k\000\040\000S\000t\000a\000r\000t}{}% 1
\BOOKMARK [1][-]{section.1.1}{\376\377\000S\000p\000i\000r\000i\000t\000\040\000o\000f\000\040\000t\000h\000e\000\040\000p\000r\000o\000j\000e\000c\000t}{chapter.1}% 2
\BOOKMARK [1][-]{section.1.2}{\376\377\000I\000n\000s\000t\000a\000l\000l\000a\000t\000i\000o\000n}{chapter.1}% 3
\BOOKMARK [1][-]{section.1.3}{\376\377\000U\000s\000a\000g\000e}{chapter.1}% 4
\BOOKMARK [2][-]{subsection.1.3.1}{\376\377\000I\000n\000t\000e\000g\000r\000a\000t\000i\000o\000n\000\040\000t\000o\000\040\000w\000o\000r\000k\000f\000l\000o\000w}{section.1.3}% 5
\BOOKMARK [2][-]{subsection.1.3.2}{\376\377\000E\000x\000t\000r\000a\000c\000t\000i\000n\000g\000\040\000t\000h\000e\000\040\000d\000a\000t\000a\000\040\000f\000r\000o\000m\000\040\000t\000h\000e\000\040\000H\000D\000F\0005\000\040\000f\000i\000l\000e}{section.1.3}% 6
\BOOKMARK [0][-]{chapter.2}{\376\377\000C\000o\000n\000t\000e\000n\000t\000s\000:}{}% 7
\BOOKMARK [0][-]{chapter.3}{\376\377\000A\000P\000I\000\040\000R\000e\000f\000e\000r\000e\000n\000c\000e}{}% 8
\BOOKMARK [1][-]{section.3.1}{\376\377\000H\000D\000F\0005\000\137\000B\000L\000S}{chapter.3}% 9
\BOOKMARK [2][-]{subsection.3.1.1}{\376\377\000H\000D\000F\0005\000\137\000B\000L\000S\000.\000W\000r\000a\000p\000p\000e\000r\000E\000r\000r\000o\000r}{section.3.1}% 10
\BOOKMARK [2][-]{subsection.3.1.2}{\376\377\000H\000D\000F\0005\000\137\000B\000L\000S\000.\000a\000n\000a\000l\000y\000z\000e}{section.3.1}% 11
\BOOKMARK [2][-]{subsection.3.1.3}{\376\377\000H\000D\000F\0005\000\137\000B\000L\000S\000.\000c\000o\000n\000v\000e\000r\000s\000i\000o\000n\000\137\000P\000S\000D}{section.3.1}% 12
\BOOKMARK [2][-]{subsection.3.1.4}{\376\377\000H\000D\000F\0005\000\137\000B\000L\000S\000.\000l\000o\000a\000d\000\137\000d\000a\000t\000a}{section.3.1}% 13
\BOOKMARK [2][-]{subsection.3.1.5}{\376\377\000H\000D\000F\0005\000\137\000B\000L\000S\000.\000l\000o\000a\000d\000\137\000f\000o\000r\000m\000a\000t\000s}{section.3.1}% 14
\BOOKMARK [3][-]{subsubsection*.20}{\376\377\000H\000D\000F\0005\000\137\000B\000L\000S\000.\000l\000o\000a\000d\000\137\000f\000o\000r\000m\000a\000t\000s\000.\000e\000r\000r\000o\000r\000s}{subsection.3.1.5}% 15
\BOOKMARK [3][-]{subsubsection*.24}{\376\377\000H\000D\000F\0005\000\137\000B\000L\000S\000.\000l\000o\000a\000d\000\137\000f\000o\000r\000m\000a\000t\000s\000.\000l\000o\000a\000d\000\137\000d\000a\000t}{subsection.3.1.5}% 16
\BOOKMARK [3][-]{subsubsection*.40}{\376\377\000H\000D\000F\0005\000\137\000B\000L\000S\000.\000l\000o\000a\000d\000\137\000f\000o\000r\000m\000a\000t\000s\000.\000l\000o\000a\000d\000\137\000i\000m\000a\000g\000e}{subsection.3.1.5}% 17
\BOOKMARK [3][-]{subsubsection*.42}{\376\377\000H\000D\000F\0005\000\137\000B\000L\000S\000.\000l\000o\000a\000d\000\137\000f\000o\000r\000m\000a\000t\000s\000.\000l\000o\000a\000d\000\137\000n\000p\000y}{subsection.3.1.5}% 18
\BOOKMARK [3][-]{subsubsection*.44}{\376\377\000H\000D\000F\0005\000\137\000B\000L\000S\000.\000l\000o\000a\000d\000\137\000f\000o\000r\000m\000a\000t\000s\000.\000l\000o\000a\000d\000\137\000s\000i\000f}{subsection.3.1.5}% 19
\BOOKMARK [2][-]{subsection.3.1.6}{\376\377\000H\000D\000F\0005\000\137\000B\000L\000S\000.\000w\000r\000a\000p\000p\000e\000r}{section.3.1}% 20
\BOOKMARK [2][-]{subsection.3.1.7}{\376\377\000H\000D\000F\0005\000\137\000B\000L\000S\000.\000w\000r\000a\000p\000p\000e\000r\000\137\000c\000o\000m\000p\000a\000t\000i\000b\000i\000l\000i\000t\000y}{section.3.1}% 21
\BOOKMARK [0][-]{section*.92}{\376\377\000P\000y\000t\000h\000o\000n\000\040\000M\000o\000d\000u\000l\000e\000\040\000I\000n\000d\000e\000x}{}% 22
\BOOKMARK [0][-]{section*.93}{\376\377\000I\000n\000d\000e\000x}{}% 23
