This is pdfTeX, Version 3.141592653-2.6-1.40.26 (TeX Live 2024) (preloaded format=pdflatex 2024.10.24)  19 SEP 2025 21:09
entering extended mode
 restricted \write18 enabled.
 %&-line parsing enabled.
**hdf5_bls.tex
(./hdf5_bls.tex
LaTeX2e <2023-11-01> patch level 1
L3 programming layer <2024-02-20>
(./sphinxmanual.cls
Document Class: sphinxmanual 2019/12/01 v2.3.0 Document class (Sphinx manual)
(/usr/local/texlive/2024/texmf-dist/tex/latex/base/report.cls
Document Class: report 2023/05/17 v1.4n Standard LaTeX document class
(/usr/local/texlive/2024/texmf-dist/tex/latex/base/size10.clo
File: size10.clo 2023/05/17 v1.4n Standard LaTeX file (size option)
)
\c@part=\count188
\c@chapter=\count189
\c@section=\count190
\c@subsection=\count191
\c@subsubsection=\count192
\c@paragraph=\count193
\c@subparagraph=\count194
\c@figure=\count195
\c@table=\count196
\abovecaptionskip=\skip48
\belowcaptionskip=\skip49
\bibindent=\dimen140
)
LaTeX Info: Redefining \and on input line 35.
)
(/usr/local/texlive/2024/texmf-dist/tex/latex/base/inputenc.sty
Package: inputenc 2021/02/14 v1.3d Input encoding file
\inpenc@prehook=\toks17
\inpenc@posthook=\toks18
)
   defining Unicode char U+00A0 (decimal 160)
   defining Unicode char U+2500 (decimal 9472)
   defining Unicode char U+2502 (decimal 9474)
   defining Unicode char U+2514 (decimal 9492)
   defining Unicode char U+251C (decimal 9500)
   defining Unicode char U+2572 (decimal 9586)

(/usr/local/texlive/2024/texmf-dist/tex/latex/cmap/cmap.sty
Package: cmap 2021/02/06 v1.0j CMap support: searchable PDF
)
(/usr/local/texlive/2024/texmf-dist/tex/latex/base/fontenc.sty
Package: fontenc 2021/04/29 v2.0v Standard LaTeX package
<<t1.cmap>>)
(/usr/local/texlive/2024/texmf-dist/tex/latex/amsmath/amsmath.sty
Package: amsmath 2023/05/13 v2.17o AMS math features
\@mathmargin=\skip50

For additional information on amsmath, use the `?' option.
(/usr/local/texlive/2024/texmf-dist/tex/latex/amsmath/amstext.sty
Package: amstext 2021/08/26 v2.01 AMS text

(/usr/local/texlive/2024/texmf-dist/tex/latex/amsmath/amsgen.sty
File: amsgen.sty 1999/11/30 v2.0 generic functions
\@emptytoks=\toks19
\ex@=\dimen141
))
(/usr/local/texlive/2024/texmf-dist/tex/latex/amsmath/amsbsy.sty
Package: amsbsy 1999/11/29 v1.2d Bold Symbols
\pmbraise@=\dimen142
)
(/usr/local/texlive/2024/texmf-dist/tex/latex/amsmath/amsopn.sty
Package: amsopn 2022/04/08 v2.04 operator names
)
\inf@bad=\count197
LaTeX Info: Redefining \frac on input line 234.
\uproot@=\count198
\leftroot@=\count199
LaTeX Info: Redefining \overline on input line 399.
LaTeX Info: Redefining \colon on input line 410.
\classnum@=\count266
\DOTSCASE@=\count267
LaTeX Info: Redefining \ldots on input line 496.
LaTeX Info: Redefining \dots on input line 499.
LaTeX Info: Redefining \cdots on input line 620.
\Mathstrutbox@=\box51
\strutbox@=\box52
LaTeX Info: Redefining \big on input line 722.
LaTeX Info: Redefining \Big on input line 723.
LaTeX Info: Redefining \bigg on input line 724.
LaTeX Info: Redefining \Bigg on input line 725.
\big@size=\dimen143
LaTeX Font Info:    Redeclaring font encoding OML on input line 743.
LaTeX Font Info:    Redeclaring font encoding OMS on input line 744.
\macc@depth=\count268
LaTeX Info: Redefining \bmod on input line 905.
LaTeX Info: Redefining \pmod on input line 910.
LaTeX Info: Redefining \smash on input line 940.
LaTeX Info: Redefining \relbar on input line 970.
LaTeX Info: Redefining \Relbar on input line 971.
\c@MaxMatrixCols=\count269
\dotsspace@=\muskip16
\c@parentequation=\count270
\dspbrk@lvl=\count271
\tag@help=\toks20
\row@=\count272
\column@=\count273
\maxfields@=\count274
\andhelp@=\toks21
\eqnshift@=\dimen144
\alignsep@=\dimen145
\tagshift@=\dimen146
\tagwidth@=\dimen147
\totwidth@=\dimen148
\lineht@=\dimen149
\@envbody=\toks22
\multlinegap=\skip51
\multlinetaggap=\skip52
\mathdisplay@stack=\toks23
LaTeX Info: Redefining \[ on input line 2953.
LaTeX Info: Redefining \] on input line 2954.
)
(/usr/local/texlive/2024/texmf-dist/tex/latex/amsfonts/amssymb.sty
Package: amssymb 2013/01/14 v3.01 AMS font symbols

(/usr/local/texlive/2024/texmf-dist/tex/latex/amsfonts/amsfonts.sty
Package: amsfonts 2013/01/14 v3.01 Basic AMSFonts support
\symAMSa=\mathgroup4
\symAMSb=\mathgroup5
LaTeX Font Info:    Redeclaring math symbol \hbar on input line 98.
LaTeX Font Info:    Overwriting math alphabet `\mathfrak' in version `bold'
(Font)                  U/euf/m/n --> U/euf/b/n on input line 106.
))
(/usr/local/texlive/2024/texmf-dist/tex/generic/babel/babel.sty
Package: babel 2024/02/07 v24.2 The Babel package
\babel@savecnt=\count275
\U@D=\dimen150
\l@unhyphenated=\language89

(/usr/local/texlive/2024/texmf-dist/tex/generic/babel/txtbabel.def)
\bbl@readstream=\read2
\bbl@dirlevel=\count276

(/usr/local/texlive/2024/texmf-dist/tex/generic/babel-english/english.ldf
Language: english 2017/06/06 v3.3r English support from the babel system
Package babel Info: Hyphen rules for 'canadian' set to \l@english
(babel)             (\language0). Reported on input line 102.
Package babel Info: Hyphen rules for 'australian' set to \l@ukenglish
(babel)             (\language23). Reported on input line 105.
Package babel Info: Hyphen rules for 'newzealand' set to \l@ukenglish
(babel)             (\language23). Reported on input line 108.
))
(/usr/local/texlive/2024/texmf-dist/tex/generic/babel/locale/en/babel-english.t
ex
Package babel Info: Importing font and identification data for english
(babel)             from babel-en.ini. Reported on input line 11.
) (/usr/local/texlive/2024/texmf-dist/tex/latex/tex-gyre/tgtermes.sty
Package: tgtermes 2009/09/27 v1.2 TeX Gyre Termes as default roman family

(/usr/local/texlive/2024/texmf-dist/tex/latex/kvoptions/kvoptions.sty
Package: kvoptions 2022-06-15 v3.15 Key value format for package options (HO)

(/usr/local/texlive/2024/texmf-dist/tex/latex/graphics/keyval.sty
Package: keyval 2022/05/29 v1.15 key=value parser (DPC)
\KV@toks@=\toks24
)
(/usr/local/texlive/2024/texmf-dist/tex/generic/ltxcmds/ltxcmds.sty
Package: ltxcmds 2023-12-04 v1.26 LaTeX kernel commands for general use (HO)
)
(/usr/local/texlive/2024/texmf-dist/tex/latex/kvsetkeys/kvsetkeys.sty
Package: kvsetkeys 2022-10-05 v1.19 Key value parser (HO)
)))
(/usr/local/texlive/2024/texmf-dist/tex/latex/tex-gyre/tgheros.sty
Package: tgheros 2009/09/27 v1.2 TeX Gyre Heros as default sans serif family
)
(/usr/local/texlive/2024/texmf-dist/tex/latex/fncychap/fncychap.sty
Package: fncychap 2007/07/30 v1.34 LaTeX package (Revised chapters)
\RW=\skip53
\mylen=\skip54
\myhi=\skip55
\px=\skip56
\py=\skip57
\pyy=\skip58
\pxx=\skip59
\c@AlphaCnt=\count277
\c@AlphaDecCnt=\count278
)
(./sphinx.sty
Package: sphinx 2024/10/11 v8.1.1 Sphinx LaTeX package (sphinx-doc)
 (/usr/local/texlive/2024/texmf-dist/tex/latex/xcolor/xcolor.sty
Package: xcolor 2023/11/15 v3.01 LaTeX color extensions (UK)

(/usr/local/texlive/2024/texmf-dist/tex/latex/graphics-cfg/color.cfg
File: color.cfg 2016/01/02 v1.6 sample color configuration
)
Package xcolor Info: Driver file: pdftex.def on input line 274.

(/usr/local/texlive/2024/texmf-dist/tex/latex/graphics-def/pdftex.def
File: pdftex.def 2022/09/22 v1.2b Graphics/color driver for pdftex
)
(/usr/local/texlive/2024/texmf-dist/tex/latex/graphics/mathcolor.ltx)
Package xcolor Info: Model `cmy' substituted by `cmy0' on input line 1350.
Package xcolor Info: Model `hsb' substituted by `rgb' on input line 1354.
Package xcolor Info: Model `RGB' extended on input line 1366.
Package xcolor Info: Model `HTML' substituted by `rgb' on input line 1368.
Package xcolor Info: Model `Hsb' substituted by `hsb' on input line 1369.
Package xcolor Info: Model `tHsb' substituted by `hsb' on input line 1370.
Package xcolor Info: Model `HSB' substituted by `hsb' on input line 1371.
Package xcolor Info: Model `Gray' substituted by `gray' on input line 1372.
Package xcolor Info: Model `wave' substituted by `hsb' on input line 1373.
)
(./sphinxoptionshyperref.sty
Package: sphinxoptionshyperref 2021/01/27 hyperref
) (./sphinxoptionsgeometry.sty
Package: sphinxoptionsgeometry 2021/01/27 geometry
)
(/usr/local/texlive/2024/texmf-dist/tex/latex/base/textcomp.sty
Package: textcomp 2020/02/02 v2.0n Standard LaTeX package
)
(/usr/local/texlive/2024/texmf-dist/tex/latex/float/float.sty
Package: float 2001/11/08 v1.3d Float enhancements (AL)
\c@float@type=\count279
\float@exts=\toks25
\float@box=\box53
\@float@everytoks=\toks26
\@floatcapt=\box54
)
(/usr/local/texlive/2024/texmf-dist/tex/latex/wrapfig/wrapfig.sty
\wrapoverhang=\dimen151
\WF@size=\dimen152
\c@WF@wrappedlines=\count280
\WF@box=\box55
\WF@everypar=\toks27
Package: wrapfig 2003/01/31  v 3.6
)
(/usr/local/texlive/2024/texmf-dist/tex/latex/capt-of/capt-of.sty
Package: capt-of 2009/12/29 v0.2 standard captions outside of floats
)
(/usr/local/texlive/2024/texmf-dist/tex/latex/tools/multicol.sty
Package: multicol 2023/03/30 v1.9f multicolumn formatting (FMi)
\c@tracingmulticols=\count281
\mult@box=\box56
\multicol@leftmargin=\dimen153
\c@unbalance=\count282
\c@collectmore=\count283
\doublecol@number=\count284
\multicoltolerance=\count285
\multicolpretolerance=\count286
\full@width=\dimen154
\page@free=\dimen155
\premulticols=\dimen156
\postmulticols=\dimen157
\multicolsep=\skip60
\multicolbaselineskip=\skip61
\partial@page=\box57
\last@line=\box58
\mc@boxedresult=\box59
\maxbalancingoverflow=\dimen158
\mult@rightbox=\box60
\mult@grightbox=\box61
\mult@firstbox=\box62
\mult@gfirstbox=\box63
\@tempa=\box64
\@tempa=\box65
\@tempa=\box66
\@tempa=\box67
\@tempa=\box68
\@tempa=\box69
\@tempa=\box70
\@tempa=\box71
\@tempa=\box72
\@tempa=\box73
\@tempa=\box74
\@tempa=\box75
\@tempa=\box76
\@tempa=\box77
\@tempa=\box78
\@tempa=\box79
\@tempa=\box80
\@tempa=\box81
\@tempa=\box82
\@tempa=\box83
\@tempa=\box84
\@tempa=\box85
\@tempa=\box86
\@tempa=\box87
\@tempa=\box88
\@tempa=\box89
\@tempa=\box90
\@tempa=\box91
\@tempa=\box92
\@tempa=\box93
\@tempa=\box94
\@tempa=\box95
\@tempa=\box96
\@tempa=\box97
\@tempa=\box98
\@tempa=\box99
\c@minrows=\count287
\c@columnbadness=\count288
\c@finalcolumnbadness=\count289
\last@try=\dimen159
\multicolovershoot=\dimen160
\multicolundershoot=\dimen161
\mult@nat@firstbox=\box100
\colbreak@box=\box101
\mc@col@check@num=\count290
)
(/usr/local/texlive/2024/texmf-dist/tex/latex/graphics/graphicx.sty
Package: graphicx 2021/09/16 v1.2d Enhanced LaTeX Graphics (DPC,SPQR)

(/usr/local/texlive/2024/texmf-dist/tex/latex/graphics/graphics.sty
Package: graphics 2022/03/10 v1.4e Standard LaTeX Graphics (DPC,SPQR)

(/usr/local/texlive/2024/texmf-dist/tex/latex/graphics/trig.sty
Package: trig 2021/08/11 v1.11 sin cos tan (DPC)
)
(/usr/local/texlive/2024/texmf-dist/tex/latex/graphics-cfg/graphics.cfg
File: graphics.cfg 2016/06/04 v1.11 sample graphics configuration
)
Package graphics Info: Driver file: pdftex.def on input line 107.
)
\Gin@req@height=\dimen162
\Gin@req@width=\dimen163
)
(./sphinxlatexgraphics.sty
Package: sphinxlatexgraphics 2024/08/13 v8.1.0 graphics
\spx@image@maxheight=\dimen164
\spx@image@box=\box102
) (./sphinxpackageboxes.sty
Package: sphinxpackageboxes 2024/07/01 v7.4.0 advanced colored boxes

(/usr/local/texlive/2024/texmf-dist/tex/latex/pict2e/pict2e.sty
Package: pict2e 2020/09/30 v0.4b Improved picture commands (HjG,RN,JT)

(/usr/local/texlive/2024/texmf-dist/tex/latex/pict2e/pict2e.cfg
File: pict2e.cfg 2016/02/05 v0.1u pict2e configuration for teTeX/TeXLive
)
Package pict2e Info: Driver file: pdftex.def on input line 112.
Package pict2e Info: Driver file for pict2e: p2e-pdftex.def on input line 114.

(/usr/local/texlive/2024/texmf-dist/tex/latex/pict2e/p2e-pdftex.def
File: p2e-pdftex.def 2016/02/05 v0.1u Driver-dependant file (RN,HjG,JT)
)
\pIIe@GRAPH=\toks28
\@arclen=\dimen165
\@arcrad=\dimen166
\pIIe@tempdima=\dimen167
\pIIe@tempdimb=\dimen168
\pIIe@tempdimc=\dimen169
\pIIe@tempdimd=\dimen170
\pIIe@tempdime=\dimen171
\pIIe@tempdimf=\dimen172
)
(/usr/local/texlive/2024/texmf-dist/tex/latex/ellipse/ellipse.sty
Package: ellipse 2004/11/05 v1.0 .dtx ellipse file
)
\@tempdimd=\dimen173
\spx@tempboxa=\box103
\spx@tempboxb=\box104
\spx@boxes@border@top=\dimen174
\spx@boxes@border@right=\dimen175
\spx@boxes@border@bottom=\dimen176
\spx@boxes@border@left=\dimen177
\spx@boxes@padding@top=\dimen178
\spx@boxes@padding@right=\dimen179
\spx@boxes@padding@bottom=\dimen180
\spx@boxes@padding@left=\dimen181
\spx@boxes@shadow@xoffset=\dimen182
\spx@boxes@shadow@yoffset=\dimen183
\spx@boxes@radius@topleft@x=\dimen184
\spx@boxes@radius@topright@x=\dimen185
\spx@boxes@radius@bottomright@x=\dimen186
\spx@boxes@radius@bottomleft@x=\dimen187
\spx@boxes@radius@topleft@y=\dimen188
\spx@boxes@radius@topright@y=\dimen189
\spx@boxes@radius@bottomright@y=\dimen190
\spx@boxes@radius@bottomleft@y=\dimen191
)
(./sphinxlatexadmonitions.sty
Package: sphinxlatexadmonitions 2024/10/11 v8.1.1 admonitions

(/usr/local/texlive/2024/texmf-dist/tex/latex/framed/framed.sty
Package: framed 2011/10/22 v 0.96: framed or shaded text with page breaks
\OuterFrameSep=\skip62
\fb@frw=\dimen192
\fb@frh=\dimen193
\FrameRule=\dimen194
\FrameSep=\dimen195
)
(./sphinxpackagefootnote.sty
Package: sphinxpackagefootnote 2024/05/17 v7.3.x Sphinx custom footnotehyper pa
ckage (Sphinx team)
\FNH@notes=\box105
\FNH@toks=\toks29
\FNH@width=\dimen196
\c@sphinxfootnotemark=\count291
)
\spx@notice@border=\dimen197
\c@sphinxtodo=\count292
) (./sphinxlatexliterals.sty
Package: sphinxlatexliterals 2024/07/01 v7.4.0 code-blocks and parsed literals

(/usr/local/texlive/2024/texmf-dist/tex/latex/fancyvrb/fancyvrb.sty
Package: fancyvrb 2024/01/20 4.5c verbatim text (tvz,hv)
\FV@CodeLineNo=\count293
\FV@InFile=\read3
\FV@TabBox=\box106
\c@FancyVerbLine=\count294
\FV@StepNumber=\count295
\FV@OutFile=\write3
)
(/usr/local/texlive/2024/texmf-dist/tex/latex/base/alltt.sty
Package: alltt 2021/01/29 v2.0g defines alltt environment
)
(/usr/local/texlive/2024/texmf-dist/tex/latex/upquote/upquote.sty
Package: upquote 2012/04/19 v1.3 upright-quote and grave-accent glyphs in verba
tim
)
(/usr/local/texlive/2024/texmf-dist/tex/latex/needspace/needspace.sty
Package: needspace 2010/09/12 v1.3d reserve vertical space
)
\sphinxcontinuationbox=\box107
\sphinxvisiblespacebox=\box108
\sphinxVerbatim@TitleBox=\box109
\sphinxVerbatim@ContentsBox=\box110
)
(./sphinxlatexshadowbox.sty
Package: sphinxlatexshadowbox 2024/07/28 v8.1.0 sphinxShadowBox
) (./sphinxlatexcontainers.sty
Package: sphinxlatexcontainers 2021/05/03 containers
)
(./sphinxhighlight.sty
Package: sphinxhighlight 2022/06/30 stylesheet for highlighting with pygments
) (./sphinxlatextables.sty
Package: sphinxlatextables 2024/07/01 v7.4.0 tables

(/usr/local/texlive/2024/texmf-dist/tex/latex/tabulary/tabulary.sty
Package: tabulary 2014/06/11 v0.10 tabulary package (DPC)

(/usr/local/texlive/2024/texmf-dist/tex/latex/tools/array.sty
Package: array 2023/10/16 v2.5g Tabular extension package (FMi)
\col@sep=\dimen198
\ar@mcellbox=\box111
\extrarowheight=\dimen199
\NC@list=\toks30
\extratabsurround=\skip63
\backup@length=\skip64
\ar@cellbox=\box112
)
\TY@count=\count296
\TY@linewidth=\dimen256
\tymin=\dimen257
\tymax=\dimen258
\TY@tablewidth=\dimen259
)
(/usr/local/texlive/2024/texmf-dist/tex/latex/tools/longtable.sty
Package: longtable 2023-11-01 v4.19 Multi-page Table package (DPC)
\LTleft=\skip65
\LTright=\skip66
\LTpre=\skip67
\LTpost=\skip68
\LTchunksize=\count297
\LTcapwidth=\dimen260
\LT@head=\box113
\LT@firsthead=\box114
\LT@foot=\box115
\LT@lastfoot=\box116
\LT@gbox=\box117
\LT@cols=\count298
\LT@rows=\count299
\c@LT@tables=\count300
\c@LT@chunks=\count301
\LT@p@ftn=\toks31
)
(/usr/local/texlive/2024/texmf-dist/tex/latex/varwidth/varwidth.sty
Package: varwidth 2009/03/30 ver 0.92;  Variable-width minipages
\@vwid@box=\box118
\sift@deathcycles=\count302
\@vwid@loff=\dimen261
\@vwid@roff=\dimen262
)
\sphinx@TY@tablewidth=\dimen263

(/usr/local/texlive/2024/texmf-dist/tex/latex/colortbl/colortbl.sty
Package: colortbl 2024/02/20 v1.0g Color table columns (DPC)
\everycr=\toks32
\minrowclearance=\skip69
\rownum=\count303
)
(/usr/local/texlive/2024/texmf-dist/tex/latex/booktabs/booktabs.sty
Package: booktabs 2020/01/12 v1.61803398 Publication quality tables
\heavyrulewidth=\dimen264
\lightrulewidth=\dimen265
\cmidrulewidth=\dimen266
\belowrulesep=\dimen267
\belowbottomsep=\dimen268
\aboverulesep=\dimen269
\abovetopsep=\dimen270
\cmidrulesep=\dimen271
\cmidrulekern=\dimen272
\defaultaddspace=\dimen273
\@cmidla=\count304
\@cmidlb=\count305
\@aboverulesep=\dimen274
\@belowrulesep=\dimen275
\@thisruleclass=\count306
\@lastruleclass=\count307
\@thisrulewidth=\dimen276
))
(./sphinxlatexnumfig.sty
Package: sphinxlatexnumfig 2024/07/31 v8.1.0 numbering
) (./sphinxlatexlists.sty
Package: sphinxlatexlists 2021/12/20 lists
\spx@lineitemlabel=\toks33
)
\c@sphinxscope=\count308
 (./sphinxlatexindbibtoc.sty
Package: sphinxlatexindbibtoc 2021/01/27 index, bib., toc

(/usr/local/texlive/2024/texmf-dist/tex/latex/base/makeidx.sty
Package: makeidx 2021/10/04 v1.0m Standard LaTeX package
))
(./sphinxlatexstylepage.sty
Package: sphinxlatexstylepage 2021/01/27 page styling

(/usr/local/texlive/2024/texmf-dist/tex/latex/parskip/parskip.sty
Package: parskip 2021-03-14 v2.0h non-zero parskip adjustments

(/usr/local/texlive/2024/texmf-dist/tex/latex/etoolbox/etoolbox.sty
Package: etoolbox 2020/10/05 v2.5k e-TeX tools for LaTeX (JAW)
\etb@tempcnta=\count309
))
(/usr/local/texlive/2024/texmf-dist/tex/latex/fancyhdr/fancyhdr.sty
Package: fancyhdr 2022/11/09 v4.1 Extensive control of page headers and footers

\f@nch@headwidth=\skip70
\f@nch@O@elh=\skip71
\f@nch@O@erh=\skip72
\f@nch@O@olh=\skip73
\f@nch@O@orh=\skip74
\f@nch@O@elf=\skip75
\f@nch@O@erf=\skip76
\f@nch@O@olf=\skip77
\f@nch@O@orf=\skip78
))
(./sphinxlatexstyleheadings.sty
Package: sphinxlatexstyleheadings 2023/02/11 headings

(/usr/local/texlive/2024/texmf-dist/tex/latex/titlesec/titlesec.sty
Package: titlesec 2023/10/27 v2.16 Sectioning titles
\ttl@box=\box119
\beforetitleunit=\skip79
\aftertitleunit=\skip80
\ttl@plus=\dimen277
\ttl@minus=\dimen278
\ttl@toksa=\toks34
\titlewidth=\dimen279
\titlewidthlast=\dimen280
\titlewidthfirst=\dimen281
))
(./sphinxlatexstyletext.sty
Package: sphinxlatexstyletext 2024/07/28 v8.1.0 text styling
) (./sphinxlatexobjects.sty
Package: sphinxlatexobjects 2023/07/23 documentation environments
\sphinxsignaturesep=\skip81
\sphinxsignaturelistskip=\skip82
\py@argswidth=\skip83
\lineblockindentation=\skip84
\DUlineblockindent=\skip85
))
(/usr/local/texlive/2024/texmf-dist/tex/latex/geometry/geometry.sty
Package: geometry 2020/01/02 v5.9 Page Geometry

(/usr/local/texlive/2024/texmf-dist/tex/generic/iftex/ifvtex.sty
Package: ifvtex 2019/10/25 v1.7 ifvtex legacy package. Use iftex instead.

(/usr/local/texlive/2024/texmf-dist/tex/generic/iftex/iftex.sty
Package: iftex 2022/02/03 v1.0f TeX engine tests
))
\Gm@cnth=\count310
\Gm@cntv=\count311
\c@Gm@tempcnt=\count312
\Gm@bindingoffset=\dimen282
\Gm@wd@mp=\dimen283
\Gm@odd@mp=\dimen284
\Gm@even@mp=\dimen285
\Gm@layoutwidth=\dimen286
\Gm@layoutheight=\dimen287
\Gm@layouthoffset=\dimen288
\Gm@layoutvoffset=\dimen289
\Gm@dimlist=\toks35
)
(/usr/local/texlive/2024/texmf-dist/tex/latex/hyperref/hyperref.sty
Package: hyperref 2024-01-20 v7.01h Hypertext links for LaTeX

(/usr/local/texlive/2024/texmf-dist/tex/generic/kvdefinekeys/kvdefinekeys.sty
Package: kvdefinekeys 2019-12-19 v1.6 Define keys (HO)
)
(/usr/local/texlive/2024/texmf-dist/tex/generic/pdfescape/pdfescape.sty
Package: pdfescape 2019/12/09 v1.15 Implements pdfTeX's escape features (HO)

(/usr/local/texlive/2024/texmf-dist/tex/generic/pdftexcmds/pdftexcmds.sty
Package: pdftexcmds 2020-06-27 v0.33 Utility functions of pdfTeX for LuaTeX (HO
)

(/usr/local/texlive/2024/texmf-dist/tex/generic/infwarerr/infwarerr.sty
Package: infwarerr 2019/12/03 v1.5 Providing info/warning/error messages (HO)
)
Package pdftexcmds Info: \pdf@primitive is available.
Package pdftexcmds Info: \pdf@ifprimitive is available.
Package pdftexcmds Info: \pdfdraftmode found.
))
(/usr/local/texlive/2024/texmf-dist/tex/latex/hycolor/hycolor.sty
Package: hycolor 2020-01-27 v1.10 Color options for hyperref/bookmark (HO)
)
(/usr/local/texlive/2024/texmf-dist/tex/latex/auxhook/auxhook.sty
Package: auxhook 2019-12-17 v1.6 Hooks for auxiliary files (HO)
)
(/usr/local/texlive/2024/texmf-dist/tex/latex/hyperref/nameref.sty
Package: nameref 2023-11-26 v2.56 Cross-referencing by name of section

(/usr/local/texlive/2024/texmf-dist/tex/latex/refcount/refcount.sty
Package: refcount 2019/12/15 v3.6 Data extraction from label references (HO)
)
(/usr/local/texlive/2024/texmf-dist/tex/generic/gettitlestring/gettitlestring.s
ty
Package: gettitlestring 2019/12/15 v1.6 Cleanup title references (HO)
)
\c@section@level=\count313
)
\@linkdim=\dimen290
\Hy@linkcounter=\count314
\Hy@pagecounter=\count315
 (/usr/local/texlive/2024/texmf-dist/tex/latex/hyperref/pd1enc.def
File: pd1enc.def 2024-01-20 v7.01h Hyperref: PDFDocEncoding definition (HO)
Now handling font encoding PD1 ...
... no UTF-8 mapping file for font encoding PD1
)
(/usr/local/texlive/2024/texmf-dist/tex/generic/intcalc/intcalc.sty
Package: intcalc 2019/12/15 v1.3 Expandable calculations with integers (HO)
)
\Hy@SavedSpaceFactor=\count316

(/usr/local/texlive/2024/texmf-dist/tex/latex/hyperref/puenc.def
File: puenc.def 2024-01-20 v7.01h Hyperref: PDF Unicode definition (HO)
Now handling font encoding PU ...
... no UTF-8 mapping file for font encoding PU
)
Package hyperref Info: Option `unicode' set `true' on input line 4062.
Package hyperref Info: Option `colorlinks' set `true' on input line 4062.
Package hyperref Info: Option `breaklinks' set `true' on input line 4062.
Package hyperref Info: Hyper figures OFF on input line 4179.
Package hyperref Info: Link nesting OFF on input line 4184.
Package hyperref Info: Hyper index ON on input line 4187.
Package hyperref Info: Plain pages OFF on input line 4194.
Package hyperref Info: Backreferencing OFF on input line 4199.
Package hyperref Info: Implicit mode ON; LaTeX internals redefined.
Package hyperref Info: Bookmarks ON on input line 4446.
\c@Hy@tempcnt=\count317

(/usr/local/texlive/2024/texmf-dist/tex/latex/url/url.sty
\Urlmuskip=\muskip17
Package: url 2013/09/16  ver 3.4  Verb mode for urls, etc.
)
LaTeX Info: Redefining \url on input line 4784.
\XeTeXLinkMargin=\dimen291

(/usr/local/texlive/2024/texmf-dist/tex/generic/bitset/bitset.sty
Package: bitset 2019/12/09 v1.3 Handle bit-vector datatype (HO)

(/usr/local/texlive/2024/texmf-dist/tex/generic/bigintcalc/bigintcalc.sty
Package: bigintcalc 2019/12/15 v1.5 Expandable calculations on big integers (HO
)
))
\Fld@menulength=\count318
\Field@Width=\dimen292
\Fld@charsize=\dimen293
Package hyperref Info: Hyper figures OFF on input line 6063.
Package hyperref Info: Link nesting OFF on input line 6068.
Package hyperref Info: Hyper index ON on input line 6071.
Package hyperref Info: backreferencing OFF on input line 6078.
Package hyperref Info: Link coloring ON on input line 6081.
Package hyperref Info: Link coloring with OCG OFF on input line 6088.
Package hyperref Info: PDF/A mode OFF on input line 6093.

(/usr/local/texlive/2024/texmf-dist/tex/latex/base/atbegshi-ltx.sty
Package: atbegshi-ltx 2021/01/10 v1.0c Emulation of the original atbegshi
package with kernel methods
)
\Hy@abspage=\count319
\c@Item=\count320
\c@Hfootnote=\count321
)
Package hyperref Info: Driver (autodetected): hpdftex.

(/usr/local/texlive/2024/texmf-dist/tex/latex/hyperref/hpdftex.def
File: hpdftex.def 2024-01-20 v7.01h Hyperref driver for pdfTeX

(/usr/local/texlive/2024/texmf-dist/tex/latex/base/atveryend-ltx.sty
Package: atveryend-ltx 2020/08/19 v1.0a Emulation of the original atveryend pac
kage
with kernel methods
)
\Fld@listcount=\count322
\c@bookmark@seq@number=\count323

(/usr/local/texlive/2024/texmf-dist/tex/latex/rerunfilecheck/rerunfilecheck.sty
Package: rerunfilecheck 2022-07-10 v1.10 Rerun checks for auxiliary files (HO)

(/usr/local/texlive/2024/texmf-dist/tex/generic/uniquecounter/uniquecounter.sty
Package: uniquecounter 2019/12/15 v1.4 Provide unlimited unique counter (HO)
)
Package uniquecounter Info: New unique counter `rerunfilecheck' on input line 2
85.
)
\Hy@SectionHShift=\skip86
) (/usr/local/texlive/2024/texmf-dist/tex/latex/oberdiek/hypcap.sty
Package: hypcap 2016/05/16 v1.12 Adjusting the anchors of captions (HO)

(/usr/local/texlive/2024/texmf-dist/tex/latex/letltxmacro/letltxmacro.sty
Package: letltxmacro 2019/12/03 v1.6 Let assignment for LaTeX macros (HO)
))
(./sphinxmessages.sty
Package: sphinxmessages 2019/01/04 v2.0 Localized LaTeX macros (Sphinx team)
)
\@indexfile=\write4
\openout4 = `hdf5_bls.idx'.


Writing index file hdf5_bls.idx
LaTeX Font Info:    Trying to load font information for T1+qtm on input line 73
.
(/usr/local/texlive/2024/texmf-dist/tex/latex/tex-gyre/t1qtm.fd
File: t1qtm.fd 2009/09/25 v1.2 font definition file for T1/qtm
)
(/usr/local/texlive/2024/texmf-dist/tex/latex/l3backend/l3backend-pdftex.def
File: l3backend-pdftex.def 2024-02-20 L3 backend support: PDF output (pdfTeX)
\l__color_backend_stack_int=\count324
\l__pdf_internal_box=\box120
)
(./hdf5_bls.aux)
\openout1 = `hdf5_bls.aux'.

LaTeX Font Info:    Checking defaults for OML/cmm/m/it on input line 73.
LaTeX Font Info:    ... okay on input line 73.
LaTeX Font Info:    Checking defaults for OMS/cmsy/m/n on input line 73.
LaTeX Font Info:    ... okay on input line 73.
LaTeX Font Info:    Checking defaults for OT1/cmr/m/n on input line 73.
LaTeX Font Info:    ... okay on input line 73.
LaTeX Font Info:    Checking defaults for T1/cmr/m/n on input line 73.
LaTeX Font Info:    ... okay on input line 73.
LaTeX Font Info:    Checking defaults for TS1/cmr/m/n on input line 73.
LaTeX Font Info:    ... okay on input line 73.
LaTeX Font Info:    Checking defaults for OMX/cmex/m/n on input line 73.
LaTeX Font Info:    ... okay on input line 73.
LaTeX Font Info:    Checking defaults for U/cmr/m/n on input line 73.
LaTeX Font Info:    ... okay on input line 73.
LaTeX Font Info:    Checking defaults for PD1/pdf/m/n on input line 73.
LaTeX Font Info:    ... okay on input line 73.
LaTeX Font Info:    Checking defaults for PU/pdf/m/n on input line 73.
LaTeX Font Info:    ... okay on input line 73.

(/usr/local/texlive/2024/texmf-dist/tex/context/base/mkii/supp-pdf.mkii
[Loading MPS to PDF converter (version 2006.09.02).]
\scratchcounter=\count325
\scratchdimen=\dimen294
\scratchbox=\box121
\nofMPsegments=\count326
\nofMParguments=\count327
\everyMPshowfont=\toks36
\MPscratchCnt=\count328
\MPscratchDim=\dimen295
\MPnumerator=\count329
\makeMPintoPDFobject=\count330
\everyMPtoPDFconversion=\toks37
) (/usr/local/texlive/2024/texmf-dist/tex/latex/epstopdf-pkg/epstopdf-base.sty
Package: epstopdf-base 2020-01-24 v2.11 Base part for package epstopdf
Package epstopdf-base Info: Redefining graphics rule for `.eps' on input line 4
85.

(/usr/local/texlive/2024/texmf-dist/tex/latex/latexconfig/epstopdf-sys.cfg
File: epstopdf-sys.cfg 2010/07/13 v1.3 Configuration of (r)epstopdf for TeX Liv
e
))
(/usr/local/texlive/2024/texmf-dist/tex/latex/fontawesome5/fontawesome5.sty
(/usr/local/texlive/2024/texmf-dist/tex/latex/l3kernel/expl3.sty
Package: expl3 2024-02-20 L3 programming layer (loader) 
)
Package: fontawesome5 2022/05/02 v5.15.4 Font Awesome 5

(/usr/local/texlive/2024/texmf-dist/tex/latex/l3packages/l3keys2e/l3keys2e.sty
Package: l3keys2e 2024-02-18 LaTeX2e option processing using LaTeX3 keys
) (/usr/local/texlive/2024/texmf-dist/tex/latex/l3packages/xparse/xparse.sty
Package: xparse 2024-02-18 L3 Experimental document command parser
)
(/usr/local/texlive/2024/texmf-dist/tex/latex/fontawesome5/fontawesome5-generic
-helper.sty
Package: fontawesome5-generic-helper 2022/05/02 v5.15.4 non-uTeX helper for fon
tawesome5

(/usr/local/texlive/2024/texmf-dist/tex/latex/fontawesome5/fontawesome5-mapping
.def)))
\c@literalblock=\count331

*geometry* driver: auto-detecting
*geometry* detected driver: pdftex
*geometry* verbose mode - [ preamble ] result:
* driver: pdftex
* paper: letterpaper
* layout: <same size as paper>
* layoutoffset:(h,v)=(0.0pt,0.0pt)
* modes: twoside 
* h-part:(L,W,R)=(72.26999pt, 469.75502pt, 72.26999pt)
* v-part:(T,H,B)=(72.26999pt, 650.43001pt, 72.26999pt)
* \paperwidth=614.295pt
* \paperheight=794.96999pt
* \textwidth=469.75502pt
* \textheight=650.43001pt
* \oddsidemargin=0.0pt
* \evensidemargin=0.0pt
* \topmargin=-37.0pt
* \headheight=12.0pt
* \headsep=25.0pt
* \topskip=10.0pt
* \footskip=30.0pt
* \marginparwidth=36.135pt
* \marginparsep=11.0pt
* \columnsep=10.0pt
* \skip\footins=9.0pt plus 4.0pt minus 2.0pt
* \hoffset=0.0pt
* \voffset=0.0pt
* \mag=1000
* \@twocolumnfalse
* \@twosidetrue
* \@mparswitchtrue
* \@reversemarginfalse
* (1in=72.27pt=25.4mm, 1cm=28.453pt)

Package hyperref Info: Link coloring ON on input line 73.
(./hdf5_bls.out) (./hdf5_bls.out)
\@outlinefile=\write5
\openout5 = `hdf5_bls.out'.

Package hyperref Info: Option `pageanchor' set `false' on input line 81.
LaTeX Font Info:    Trying to load font information for T1+qhv on input line 81
.

(/usr/local/texlive/2024/texmf-dist/tex/latex/tex-gyre/t1qhv.fd
File: t1qhv.fd 2009/09/25 v1.2 font definition file for T1/qhv
)<<ot1.cmap>><<oml.cmap>><<oms.cmap>><<omx.cmap>>
LaTeX Font Info:    Trying to load font information for U+msa on input line 81.


(/usr/local/texlive/2024/texmf-dist/tex/latex/amsfonts/umsa.fd
File: umsa.fd 2013/01/14 v3.01 AMS symbols A
)
LaTeX Font Info:    Trying to load font information for U+msb on input line 81.


(/usr/local/texlive/2024/texmf-dist/tex/latex/amsfonts/umsb.fd
File: umsb.fd 2013/01/14 v3.01 AMS symbols B
) [1

{/usr/local/texlive/2024/texmf-var/fonts/map/pdftex/updmap/pdftex.map}{/usr/loc
al/texlive/2024/texmf-dist/fonts/enc/dvips/tex-gyre/q-ec.enc}] [2


] (./hdf5_bls.toc)
\tf@toc=\write6
\openout6 = `hdf5_bls.toc'.

 [1

]
[2

]
LaTeX Font Info:    Trying to load font information for TS1+qtm on input line 9
1.
 (/usr/local/texlive/2024/texmf-dist/tex/latex/tex-gyre/ts1qtm.fd
File: ts1qtm.fd 2009/09/25 v1.2 font definition file for TS1/qtm
) [1{/usr/local/texlive/2024/texmf-dist/fonts/enc/dvips/tex-gyre/q-ts1.enc}] [2

]
Chapter 1.
LaTeX Font Info:    Trying to load font information for T1+txtt on input line 1
14.
(/usr/local/texlive/2024/texmf-dist/tex/latex/txfonts/t1txtt.fd
File: t1txtt.fd 2000/12/15 v3.1
) [3]
LaTeX Font Info:    Font shape `T1/txtt/b/n' in size <10> not available
(Font)              Font shape `T1/txtt/bx/n' tried instead on input line 230.
LaTeX Font Info:    Font shape `T1/txtt/m/it' in size <10> not available
(Font)              Font shape `T1/txtt/m/sl' tried instead on input line 232.
 [4]
[5] [6

]
Chapter 2.
[7] [8] [9] [10] [11] [12] [13] [14

]
Chapter 3.
[15] [16] [17] [18] [19]
LaTeX Font Info:    Trying to load font information for U+fontawesomefree1 on i
nput line 1500.

(/usr/local/texlive/2024/texmf-dist/tex/latex/fontawesome5/ufontawesomefree1.fd
) [20{/usr/local/texlive/2024/texmf-dist/fonts/enc/dvips/fontawesome5/fa5free1.
enc}] [21] [22] [23] [24]
LaTeX Font Info:    Trying to load font information for TS1+txtt on input line 
1.

(/usr/local/texlive/2024/texmf-dist/tex/latex/txfonts/ts1txtt.fd
File: ts1txtt.fd 2000/12/15 v3.1
)
LaTeX Font Info:    Font shape `TS1/txtt/b/n' in size <10> not available
(Font)              Font shape `TS1/txtt/bx/n' tried instead on input line 1.
 [25] [26]
[27]
LaTeX Font Info:    Font shape `T1/txtt/b/it' in size <10> not available
(Font)              Font shape `T1/txtt/bx/it' tried instead on input line 2698
.
LaTeX Font Info:    Font shape `T1/txtt/bx/it' in size <10> not available
(Font)              Font shape `T1/txtt/bx/sl' tried instead on input line 2698
.
 [28] [29] [30] [31] [32] [33] [34] [35] [36] [37



] (./hdf5_bls.ind [38


]
Underfull \hbox (badness 10000) in paragraph at lines 8--9
[]\T1/txtt/m/n/10 add_abscissa() \T1/qtm/m/n/10 (\T1/qtm/m/it/10 HDF5_BLS.wrapp
er.Wrapper
 []


Underfull \hbox (badness 10000) in paragraph at lines 9--10
[]\T1/txtt/m/n/10 add_attributes() \T1/qtm/m/n/10 (\T1/qtm/m/it/10 HDF5_BLS.wra
pper.Wrapper
 []


Underfull \hbox (badness 10000) in paragraph at lines 10--11
[]\T1/txtt/m/n/10 add_dictionary() \T1/qtm/m/n/10 (\T1/qtm/m/it/10 HDF5_BLS.wra
pper.Wrapper
 []


Underfull \hbox (badness 10000) in paragraph at lines 11--12
[]\T1/txtt/m/n/10 add_dictionnary() \T1/qtm/m/n/10 (\T1/qtm/m/it/10 HDF5_BLS.wr
apper.Wrapper
 []


Underfull \hbox (badness 10000) in paragraph at lines 12--13
[]\T1/txtt/m/n/10 add_frequency() \T1/qtm/m/n/10 (\T1/qtm/m/it/10 HDF5_BLS.wrap
per.Wrapper
 []


Underfull \hbox (badness 10000) in paragraph at lines 14--15
[]\T1/txtt/m/n/10 add_point() \T1/qtm/m/n/10 (\T1/qtm/m/it/10 HDF5_BLS.analyze.
Analyze_VIPA
 []


Underfull \hbox (badness 10000) in paragraph at lines 16--17
[]\T1/txtt/m/n/10 add_raw_data() \T1/qtm/m/n/10 (\T1/qtm/m/it/10 HDF5_BLS.wrapp
er.Wrapper
 []


Underfull \hbox (badness 10000) in paragraph at lines 17--18
[]\T1/txtt/m/n/10 add_treated_data() \T1/qtm/m/n/10 (\T1/qtm/m/it/10 HDF5_BLS.w
rapper.Wrapper
 []


Overfull \hbox (49.61223pt too wide) in paragraph at lines 24--26
[]\T1/txtt/m/n/10 basic_process() \T1/qtm/m/n/10 (\T1/qtm/m/it/10 HDF5_BLS.load
_formats.load_dat.TimeDomain
 []


Underfull \hbox (badness 10000) in paragraph at lines 26--28
[]\T1/txtt/m/n/10 brillouin_type_update() \T1/qtm/m/n/10 (\T1/qtm/m/it/10 in mo
d-ule
 []


Underfull \hbox (badness 10000) in paragraph at lines 28--30
[]\T1/txtt/m/n/10 BRILLOUIN_TYPES_DATASETS
 []


Underfull \hbox (badness 10000) in paragraph at lines 28--30
\T1/qtm/m/n/10 (\T1/qtm/m/it/10 HDF5_BLS.wrapper.Wrapper at-tribute\T1/qtm/m/n/
10 ),
 []


Underfull \hbox (badness 10000) in paragraph at lines 30--32
[]\T1/txtt/m/n/10 BRILLOUIN_TYPES_GROUPS
 []


Underfull \hbox (badness 10000) in paragraph at lines 30--32
\T1/qtm/m/n/10 (\T1/qtm/m/it/10 HDF5_BLS.wrapper.Wrapper at-tribute\T1/qtm/m/n/
10 ),
 []


Underfull \hbox (badness 5681) in paragraph at lines 35--37
[]\T1/txtt/m/n/10 center_x_axis() \T1/qtm/m/n/10 (\T1/qtm/m/it/10 HDF5_BLS.anal
yze.Analyze_VIPA
 []


Underfull \hbox (badness 10000) in paragraph at lines 37--39
[]\T1/txtt/m/n/10 change_brillouin_type()
 []


Underfull \hbox (badness 10000) in paragraph at lines 37--39
\T1/qtm/m/n/10 (\T1/qtm/m/it/10 HDF5_BLS.wrapper.Wrapper method\T1/qtm/m/n/10 )
,
 []


Underfull \hbox (badness 10000) in paragraph at lines 39--40
[]\T1/txtt/m/n/10 change_name() \T1/qtm/m/n/10 (\T1/qtm/m/it/10 HDF5_BLS.wrappe
r.Wrapper
 []


Underfull \hbox (badness 10000) in paragraph at lines 40--42
[]\T1/txtt/m/n/10 check_conversion_ar_BLS_VIPA() \T1/qtm/m/n/10 (\T1/qtm/m/it/1
0 in mod-ule
 []


Underfull \hbox (badness 10000) in paragraph at lines 42--44
[]\T1/txtt/m/n/10 check_conversion_Streak_VIPA() \T1/qtm/m/n/10 (\T1/qtm/m/it/1
0 in mod-ule
 []


Underfull \hbox (badness 10000) in paragraph at lines 44--46
[]\T1/txtt/m/n/10 check_conversion_VIPA() \T1/qtm/m/n/10 (\T1/qtm/m/it/10 in mo
d-ule
 []


Underfull \hbox (badness 10000) in paragraph at lines 46--48
[]\T1/txtt/m/n/10 clear_empty_attributes()
 []


Underfull \hbox (badness 10000) in paragraph at lines 46--48
\T1/qtm/m/n/10 (\T1/qtm/m/it/10 HDF5_BLS.wrapper.Wrapper method\T1/qtm/m/n/10 )
,
 []


Underfull \hbox (badness 10000) in paragraph at lines 49--50
[]\T1/txtt/m/n/10 combine_datasets() \T1/qtm/m/n/10 (\T1/qtm/m/it/10 HDF5_BLS.w
rapper.Wrapper
 []


Underfull \hbox (badness 10000) in paragraph at lines 50--52
[]\T1/txtt/m/n/10 compatibility_changes()
 []


Underfull \hbox (badness 10000) in paragraph at lines 50--52
\T1/qtm/m/n/10 (\T1/qtm/m/it/10 HDF5_BLS.wrapper.Wrapper method\T1/qtm/m/n/10 )
,
 []


Underfull \hbox (badness 10000) in paragraph at lines 52--53
[]\T1/txtt/m/n/10 copy_dataset() \T1/qtm/m/n/10 (\T1/qtm/m/it/10 HDF5_BLS.wrapp
er.Wrapper
 []


Underfull \hbox (badness 10000) in paragraph at lines 53--54
[]\T1/txtt/m/n/10 create_group() \T1/qtm/m/n/10 (\T1/qtm/m/it/10 HDF5_BLS.wrapp
er.Wrapper
 []


Underfull \hbox (badness 10000) in paragraph at lines 57--58
[]\T1/txtt/m/n/10 delete_element() \T1/qtm/m/n/10 (\T1/qtm/m/it/10 HDF5_BLS.wra
pper.Wrapper
 []


Overfull \hbox (12.06235pt too wide) in paragraph at lines 61--63
[]\T1/txtt/m/n/10 emit() \T1/qtm/m/n/10 (\T1/qtm/m/it/10 HDF5_BLS.load_formats.
load_dat.PipelineLogger
 []


Underfull \hbox (badness 10000) in paragraph at lines 63--64
[]\T1/txtt/m/n/10 export_dataset() \T1/qtm/m/n/10 (\T1/qtm/m/it/10 HDF5_BLS.wra
pper.Wrapper
 []


Underfull \hbox (badness 10000) in paragraph at lines 64--65
[]\T1/txtt/m/n/10 export_group() \T1/qtm/m/n/10 (\T1/qtm/m/it/10 HDF5_BLS.wrapp
er.Wrapper
 []


Underfull \hbox (badness 10000) in paragraph at lines 65--66
[]\T1/txtt/m/n/10 export_image() \T1/qtm/m/n/10 (\T1/qtm/m/it/10 HDF5_BLS.wrapp
er.Wrapper
 []


Overfull \hbox (44.36224pt too wide) in paragraph at lines 70--72
[]\T1/txtt/m/n/10 find_copeaks() \T1/qtm/m/n/10 (\T1/qtm/m/it/10 HDF5_BLS.load_
formats.load_dat.TimeDomain
 []


Underfull \hbox (badness 10000) in paragraph at lines 75--76
[]\T1/txtt/m/n/10 get_attributes() \T1/qtm/m/n/10 (\T1/qtm/m/it/10 HDF5_BLS.wra
pper.Wrapper
 []

[39

]
Underfull \hbox (badness 10000) in paragraph at lines 76--78
[]\T1/txtt/m/n/10 get_children_elements()
 []


Underfull \hbox (badness 10000) in paragraph at lines 76--78
\T1/qtm/m/n/10 (\T1/qtm/m/it/10 HDF5_BLS.wrapper.Wrapper method\T1/qtm/m/n/10 )
,
 []


Underfull \hbox (badness 10000) in paragraph at lines 78--80
[]\T1/txtt/m/n/10 get_special_groups_hierarchy()
 []


Underfull \hbox (badness 10000) in paragraph at lines 78--80
\T1/qtm/m/n/10 (\T1/qtm/m/it/10 HDF5_BLS.wrapper.Wrapper method\T1/qtm/m/n/10 )
,
 []


Underfull \hbox (badness 10000) in paragraph at lines 80--81
[]\T1/txtt/m/n/10 get_structure() \T1/qtm/m/n/10 (\T1/qtm/m/it/10 HDF5_BLS.wrap
per.Wrapper
 []


Overfull \hbox (23.3623pt too wide) in paragraph at lines 109--111
[]\T1/txtt/m/n/10 HPfilter() \T1/qtm/m/n/10 (\T1/qtm/m/it/10 HDF5_BLS.load_form
ats.load_dat.TimeDomain
 []


Underfull \hbox (badness 10000) in paragraph at lines 114--115
[]\T1/txtt/m/n/10 import_other() \T1/qtm/m/n/10 (\T1/qtm/m/it/10 HDF5_BLS.wrapp
er.Wrapper
 []


Underfull \hbox (badness 10000) in paragraph at lines 115--117
[]\T1/txtt/m/n/10 import_properties_data()
 []


Underfull \hbox (badness 10000) in paragraph at lines 115--117
\T1/qtm/m/n/10 (\T1/qtm/m/it/10 HDF5_BLS.wrapper.Wrapper method\T1/qtm/m/n/10 )
,
 []


Underfull \hbox (badness 10000) in paragraph at lines 117--118
[]\T1/txtt/m/n/10 import_raw_data() \T1/qtm/m/n/10 (\T1/qtm/m/it/10 HDF5_BLS.wr
apper.Wrapper
 []


Underfull \hbox (badness 10000) in paragraph at lines 118--120
[]\T1/txtt/m/n/10 interpolate_between_one_order()
 []


Underfull \hbox (badness 10000) in paragraph at lines 118--120
\T1/qtm/m/n/10 (\T1/qtm/m/it/10 HDF5_BLS.analyze.Analyze_VIPA method\T1/qtm/m/n
/10 ),
 []


Underfull \hbox (badness 10000) in paragraph at lines 120--122
[]\T1/txtt/m/n/10 interpolate_elastic()
 []


Underfull \hbox (badness 10000) in paragraph at lines 120--122
\T1/qtm/m/n/10 (\T1/qtm/m/it/10 HDF5_BLS.analyze.Analyze_VIPA method\T1/qtm/m/n
/10 ),
 []


Underfull \hbox (badness 10000) in paragraph at lines 122--124
[]\T1/txtt/m/n/10 interpolate_elastic_inelastic()
 []


Underfull \hbox (badness 10000) in paragraph at lines 122--124
\T1/qtm/m/n/10 (\T1/qtm/m/it/10 HDF5_BLS.analyze.Analyze_VIPA method\T1/qtm/m/n
/10 ),
 []


Underfull \hbox (badness 10000) in paragraph at lines 129--131
[]\T1/txtt/m/n/10 load_dat_GHOST() \T1/qtm/m/n/10 (\T1/qtm/m/it/10 in mod-ule
 []


Underfull \hbox (badness 10000) in paragraph at lines 131--133
[]\T1/txtt/m/n/10 load_dat_TimeDomain() \T1/qtm/m/n/10 (\T1/qtm/m/it/10 in mod-
ule
 []


Overfull \hbox (18.11232pt too wide) in paragraph at lines 133--135
[]\T1/txtt/m/n/10 load_dc() \T1/qtm/m/n/10 (\T1/qtm/m/it/10 HDF5_BLS.load_forma
ts.load_dat.TimeDomain
 []


Underfull \hbox (badness 10000) in paragraph at lines 136--138
[]\T1/txtt/m/n/10 load_image_base() \T1/qtm/m/n/10 (\T1/qtm/m/it/10 in mod-ule
 []


Underfull \hbox (badness 10000) in paragraph at lines 138--139
[]\T1/txtt/m/n/10 load_image_file() \T1/qtm/m/n/10 (\T1/qtm/m/it/10 in mod-ule
 []


Underfull \hbox (badness 10000) in paragraph at lines 139--141
[]\T1/txtt/m/n/10 load_npy_base() \T1/qtm/m/n/10 (\T1/qtm/m/it/10 in mod-ule
 []


Underfull \hbox (badness 10000) in paragraph at lines 142--144
[]\T1/txtt/m/n/10 load_sif_base() \T1/qtm/m/n/10 (\T1/qtm/m/it/10 in mod-ule
 []


Overfull \hbox (23.3623pt too wide) in paragraph at lines 148--150
[]\T1/txtt/m/n/10 LPfilter() \T1/qtm/m/n/10 (\T1/qtm/m/it/10 HDF5_BLS.load_form
ats.load_dat.TimeDomain
 []


Overfull \hbox (28.61229pt too wide) in paragraph at lines 153--155
[]\T1/txtt/m/n/10 make_time() \T1/qtm/m/n/10 (\T1/qtm/m/it/10 HDF5_BLS.load_for
mats.load_dat.TimeDomain
 []


Underfull \hbox (badness 10000) in paragraph at lines 169--171
[]\T1/txtt/m/n/10 move_channel_dimension_to_last()
 []


Underfull \hbox (badness 10000) in paragraph at lines 169--171
\T1/qtm/m/n/10 (\T1/qtm/m/it/10 HDF5_BLS.wrapper.Wrapper method\T1/qtm/m/n/10 )
,
 []

[40]
Underfull \hbox (badness 10000) in paragraph at lines 174--175
[]\T1/txtt/m/n/10 need_for_repack \T1/qtm/m/n/10 (\T1/qtm/m/it/10 HDF5_BLS.wrap
per.Wrapper
 []


Underfull \hbox (badness 10000) in paragraph at lines 178--180
[]\T1/txtt/m/n/10 PipelineLogger \T1/qtm/m/n/10 (\T1/qtm/m/it/10 class in
 []


Overfull \hbox (60.1122pt too wide) in paragraph at lines 180--182
[]\T1/txtt/m/n/10 polyfit_removal() \T1/qtm/m/n/10 (\T1/qtm/m/it/10 HDF5_BLS.lo
ad_formats.load_dat.TimeDomain
 []


Underfull \hbox (badness 10000) in paragraph at lines 182--183
[]\T1/txtt/m/n/10 print_metadata() \T1/qtm/m/n/10 (\T1/qtm/m/it/10 HDF5_BLS.wra
pper.Wrapper
 []


Underfull \hbox (badness 10000) in paragraph at lines 183--184
[]\T1/txtt/m/n/10 print_structure() \T1/qtm/m/n/10 (\T1/qtm/m/it/10 HDF5_BLS.wr
apper.Wrapper
 []


Underfull \hbox (badness 10000) in paragraph at lines 192--193
[]\T1/txtt/m/n/10 save_as_hdf5() \T1/qtm/m/n/10 (\T1/qtm/m/it/10 HDF5_BLS.wrapp
er.Wrapper
 []


Underfull \hbox (badness 10000) in paragraph at lines 193--195
[]\T1/txtt/m/n/10 save_properties_csv()
 []


Underfull \hbox (badness 10000) in paragraph at lines 193--195
\T1/qtm/m/n/10 (\T1/qtm/m/it/10 HDF5_BLS.wrapper.Wrapper method\T1/qtm/m/n/10 )
,
 []


Overfull \hbox (60.1122pt too wide) in paragraph at lines 195--197
[]\T1/txtt/m/n/10 scrape_con_file() \T1/qtm/m/n/10 (\T1/qtm/m/it/10 HDF5_BLS.lo
ad_formats.load_dat.TimeDomain
 []


Overfull \hbox (49.61223pt too wide) in paragraph at lines 197--199
[]\T1/txtt/m/n/10 scrape_m_file() \T1/qtm/m/n/10 (\T1/qtm/m/it/10 HDF5_BLS.load
_formats.load_dat.TimeDomain
 []


Underfull \hbox (badness 10000) in paragraph at lines 199--201
[]\T1/txtt/m/n/10 set_attributes_data()
 []


Underfull \hbox (badness 10000) in paragraph at lines 199--201
\T1/qtm/m/n/10 (\T1/qtm/m/it/10 HDF5_BLS.wrapper.Wrapper method\T1/qtm/m/n/10 )
,
 []


Overfull \hbox (23.3623pt too wide) in paragraph at lines 204--206
[]\T1/txtt/m/n/10 take_FFT() \T1/qtm/m/n/10 (\T1/qtm/m/it/10 HDF5_BLS.load_form
ats.load_dat.TimeDomain
 []


Overfull \hbox (6.20229pt too wide) in paragraph at lines 206--207
[]\T1/txtt/m/n/10 TimeDomain \T1/qtm/m/n/10 (\T1/qtm/m/it/10 class in HDF5_BLS.
load_formats.load_dat\T1/qtm/m/n/10 ),
 []


Underfull \hbox (badness 10000) in paragraph at lines 210--211
[]\T1/txtt/m/n/10 update_property() \T1/qtm/m/n/10 (\T1/qtm/m/it/10 HDF5_BLS.wr
apper.Wrapper
 []

[41

]) (./hdf5_bls.aux)
 ***********
LaTeX2e <2023-11-01> patch level 1
L3 programming layer <2024-02-20>
 ***********
Package rerunfilecheck Info: File `hdf5_bls.out' has not changed.
(rerunfilecheck)             Checksum: 3B69A4767823E9E57ABE2507FDC884D7;7275.
 ) 
Here is how much of TeX's memory you used:
 20273 strings out of 474116
 367999 string characters out of 5743681
 2017187 words of memory out of 5000000
 42049 multiletter control sequences out of 15000+600000
 616448 words of font info for 83 fonts, out of 8000000 for 9000
 1142 hyphenation exceptions out of 8191
 72i,11n,83p,1494b,832s stack positions out of 10000i,1000n,20000p,200000b,200000s
</usr/local/texlive/2024/texmf-dist/fonts/type1/public/fontawesome5/FontAweso
me5Free-Solid.pfb></usr/local/texlive/2024/texmf-dist/fonts/type1/public/amsfon
ts/cm/cmmi5.pfb></usr/local/texlive/2024/texmf-dist/fonts/type1/public/amsfonts
/cm/cmsy5.pfb></usr/local/texlive/2024/texmf-dist/fonts/type1/public/tex-gyre/q
hvb.pfb></usr/local/texlive/2024/texmf-dist/fonts/type1/public/tex-gyre/qhvbi.p
fb></usr/local/texlive/2024/texmf-dist/fonts/type1/public/tex-gyre/qhvr.pfb></u
sr/local/texlive/2024/texmf-dist/fonts/type1/public/tex-gyre/qtmb.pfb></usr/loc
al/texlive/2024/texmf-dist/fonts/type1/public/tex-gyre/qtmr.pfb></usr/local/tex
live/2024/texmf-dist/fonts/type1/public/tex-gyre/qtmri.pfb></usr/local/texlive/
2024/texmf-dist/fonts/type1/public/txfonts/t1xbtt.pfb></usr/local/texlive/2024/
texmf-dist/fonts/type1/public/txfonts/t1xbtt.pfb></usr/local/texlive/2024/texmf
-dist/fonts/type1/public/txfonts/t1xtt.pfb></usr/local/texlive/2024/texmf-dist/
fonts/type1/public/txfonts/t1xtt.pfb></usr/local/texlive/2024/texmf-dist/fonts/
type1/public/txfonts/tcxbtt.pfb>
Output written on hdf5_bls.pdf (45 pages, 297389 bytes).
PDF statistics:
 781 PDF objects out of 1000 (max. 8388607)
 667 compressed objects within 7 object streams
 172 named destinations out of 1000 (max. 500000)
 357 words of extra memory for PDF output out of 10000 (max. 10000000)

